2024-05-14T20:27:09.399+03:00  INFO 54387 --- [main] c.f.Flower_Shop.FlowerShopApplication    : Starting FlowerShopApplication using Java 17.0.9 with PID 54387 (/home/daniilmolchanov/Рабочий стол/Flower_Shop/build/classes/java/main started by daniilmolchanov in /home/daniilmolchanov/Рабочий стол/Flower_Shop)
2024-05-14T20:27:09.402+03:00  INFO 54387 --- [main] c.f.Flower_Shop.FlowerShopApplication    : No active profile set, falling back to 1 default profile: "default"
2024-05-14T20:27:09.981+03:00  INFO 54387 --- [main] .s.d.r.c.RepositoryConfigurationDelegate : Bootstrapping Spring Data JPA repositories in DEFAULT mode.
2024-05-14T20:27:10.029+03:00  INFO 54387 --- [main] .s.d.r.c.RepositoryConfigurationDelegate : Finished Spring Data repository scanning in 40 ms. Found 3 JPA repository interfaces.
2024-05-14T20:27:10.611+03:00  INFO 54387 --- [main] o.s.b.w.embedded.tomcat.TomcatWebServer  : Tomcat initialized with port 8080 (http)
2024-05-14T20:27:10.620+03:00  INFO 54387 --- [main] o.apache.catalina.core.StandardService   : Starting service [Tomcat]
2024-05-14T20:27:10.620+03:00  INFO 54387 --- [main] o.apache.catalina.core.StandardEngine    : Starting Servlet engine: [Apache Tomcat/10.1.19]
2024-05-14T20:27:10.662+03:00  INFO 54387 --- [main] o.a.c.c.C.[Tomcat].[localhost].[/]       : Initializing Spring embedded WebApplicationContext
2024-05-14T20:27:10.662+03:00  INFO 54387 --- [main] w.s.c.ServletWebServerApplicationContext : Root WebApplicationContext: initialization completed in 1227 ms
2024-05-14T20:27:10.792+03:00  INFO 54387 --- [main] com.zaxxer.hikari.HikariDataSource       : HikariPool-1 - Starting...
2024-05-14T20:27:11.099+03:00  INFO 54387 --- [main] com.zaxxer.hikari.pool.HikariPool        : HikariPool-1 - Added connection org.postgresql.jdbc.PgConnection@46a8c2b4
2024-05-14T20:27:11.101+03:00  INFO 54387 --- [main] com.zaxxer.hikari.HikariDataSource       : HikariPool-1 - Start completed.
2024-05-14T20:27:11.228+03:00  INFO 54387 --- [main] liquibase.database                       : Set default schema name to public
2024-05-14T20:27:11.491+03:00  INFO 54387 --- [main] liquibase.changelog                      : Reading from public.databasechangelog
2024-05-14T20:27:11.531+03:00  INFO 54387 --- [main] liquibase.changelog                      : Change failed validation!
2024-05-14T20:27:11.533+03:00  INFO 54387 --- [main] liquibase.command                        : Logging exception.
2024-05-14T20:27:11.533+03:00  INFO 54387 --- [main] liquibase.ui                             : ERROR: Exception Details
2024-05-14T20:27:11.533+03:00  INFO 54387 --- [main] liquibase.ui                             : ERROR: Exception Primary Class:  ValidationFailedException
2024-05-14T20:27:11.533+03:00  INFO 54387 --- [main] liquibase.ui                             : ERROR: Exception Primary Reason: Validation Failed:
     1 changesets check sum
          db/changelog/changelog-master.yaml::14::cottonpads was: 9:fef7d39957f5c035310f14c80082d7b2 but is now: 9:e65decaa9415bb3ee2087e322148ee5b

2024-05-14T20:27:11.533+03:00  INFO 54387 --- [main] liquibase.ui                             : ERROR: Exception Primary Source: 4.26.0
2024-05-14T20:27:11.534+03:00  INFO 54387 --- [main] liquibase.command                        : Command execution complete
2024-05-14T20:27:11.535+03:00  WARN 54387 --- [main] ConfigServletWebServerApplicationContext : Exception encountered during context initialization - cancelling refresh attempt: org.springframework.beans.factory.BeanCreationException: Error creating bean with name 'liquibase' defined in class path resource [org/springframework/boot/autoconfigure/liquibase/LiquibaseAutoConfiguration$LiquibaseConfiguration.class]: liquibase.exception.CommandExecutionException: liquibase.exception.ValidationFailedException: Validation Failed:
     1 changesets check sum
          db/changelog/changelog-master.yaml::14::cottonpads was: 9:fef7d39957f5c035310f14c80082d7b2 but is now: 9:e65decaa9415bb3ee2087e322148ee5b

2024-05-14T20:27:11.535+03:00  INFO 54387 --- [main] com.zaxxer.hikari.HikariDataSource       : HikariPool-1 - Shutdown initiated...
2024-05-14T20:27:11.542+03:00  INFO 54387 --- [main] com.zaxxer.hikari.HikariDataSource       : HikariPool-1 - Shutdown completed.
2024-05-14T20:27:11.545+03:00  INFO 54387 --- [main] o.apache.catalina.core.StandardService   : Stopping service [Tomcat]
2024-05-14T20:27:11.557+03:00  INFO 54387 --- [main] .s.b.a.l.ConditionEvaluationReportLogger : 

Error starting ApplicationContext. To display the condition evaluation report re-run your application with 'debug' enabled.
2024-05-14T20:27:11.570+03:00 ERROR 54387 --- [main] o.s.boot.SpringApplication               : Application run failed

org.springframework.beans.factory.BeanCreationException: Error creating bean with name 'liquibase' defined in class path resource [org/springframework/boot/autoconfigure/liquibase/LiquibaseAutoConfiguration$LiquibaseConfiguration.class]: liquibase.exception.CommandExecutionException: liquibase.exception.ValidationFailedException: Validation Failed:
     1 changesets check sum
          db/changelog/changelog-master.yaml::14::cottonpads was: 9:fef7d39957f5c035310f14c80082d7b2 but is now: 9:e65decaa9415bb3ee2087e322148ee5b

	at org.springframework.beans.factory.support.AbstractAutowireCapableBeanFactory.initializeBean(AbstractAutowireCapableBeanFactory.java:1786) ~[spring-beans-6.1.4.jar:6.1.4]
	at org.springframework.beans.factory.support.AbstractAutowireCapableBeanFactory.doCreateBean(AbstractAutowireCapableBeanFactory.java:600) ~[spring-beans-6.1.4.jar:6.1.4]
	at org.springframework.beans.factory.support.AbstractAutowireCapableBeanFactory.createBean(AbstractAutowireCapableBeanFactory.java:522) ~[spring-beans-6.1.4.jar:6.1.4]
	at org.springframework.beans.factory.support.AbstractBeanFactory.lambda$doGetBean$0(AbstractBeanFactory.java:325) ~[spring-beans-6.1.4.jar:6.1.4]
	at org.springframework.beans.factory.support.DefaultSingletonBeanRegistry.getSingleton(DefaultSingletonBeanRegistry.java:234) ~[spring-beans-6.1.4.jar:6.1.4]
	at org.springframework.beans.factory.support.AbstractBeanFactory.doGetBean(AbstractBeanFactory.java:323) ~[spring-beans-6.1.4.jar:6.1.4]
	at org.springframework.beans.factory.support.AbstractBeanFactory.getBean(AbstractBeanFactory.java:199) ~[spring-beans-6.1.4.jar:6.1.4]
	at org.springframework.beans.factory.support.AbstractBeanFactory.doGetBean(AbstractBeanFactory.java:312) ~[spring-beans-6.1.4.jar:6.1.4]
	at org.springframework.beans.factory.support.AbstractBeanFactory.getBean(AbstractBeanFactory.java:199) ~[spring-beans-6.1.4.jar:6.1.4]
	at org.springframework.context.support.AbstractApplicationContext.getBean(AbstractApplicationContext.java:1234) ~[spring-context-6.1.5.jar:6.1.5]
	at org.springframework.context.support.AbstractApplicationContext.finishBeanFactoryInitialization(AbstractApplicationContext.java:952) ~[spring-context-6.1.5.jar:6.1.5]
	at org.springframework.context.support.AbstractApplicationContext.refresh(AbstractApplicationContext.java:624) ~[spring-context-6.1.5.jar:6.1.5]
	at org.springframework.boot.web.servlet.context.ServletWebServerApplicationContext.refresh(ServletWebServerApplicationContext.java:146) ~[spring-boot-3.2.3.jar:3.2.3]
	at org.springframework.boot.SpringApplication.refresh(SpringApplication.java:754) ~[spring-boot-3.2.3.jar:3.2.3]
	at org.springframework.boot.SpringApplication.refreshContext(SpringApplication.java:456) ~[spring-boot-3.2.3.jar:3.2.3]
	at org.springframework.boot.SpringApplication.run(SpringApplication.java:334) ~[spring-boot-3.2.3.jar:3.2.3]
	at org.springframework.boot.SpringApplication.run(SpringApplication.java:1354) ~[spring-boot-3.2.3.jar:3.2.3]
	at org.springframework.boot.SpringApplication.run(SpringApplication.java:1343) ~[spring-boot-3.2.3.jar:3.2.3]
	at com.flowerShop.Flower_Shop.FlowerShopApplication.main(FlowerShopApplication.java:13) ~[main/:na]
Caused by: liquibase.exception.UnexpectedLiquibaseException: liquibase.exception.CommandExecutionException: liquibase.exception.ValidationFailedException: Validation Failed:
     1 changesets check sum
          db/changelog/changelog-master.yaml::14::cottonpads was: 9:fef7d39957f5c035310f14c80082d7b2 but is now: 9:e65decaa9415bb3ee2087e322148ee5b

	at liquibase.integration.spring.SpringLiquibase.afterPropertiesSet(SpringLiquibase.java:304) ~[liquibase-core-4.26.0.jar:na]
	at org.springframework.beans.factory.support.AbstractAutowireCapableBeanFactory.invokeInitMethods(AbstractAutowireCapableBeanFactory.java:1833) ~[spring-beans-6.1.4.jar:6.1.4]
	at org.springframework.beans.factory.support.AbstractAutowireCapableBeanFactory.initializeBean(AbstractAutowireCapableBeanFactory.java:1782) ~[spring-beans-6.1.4.jar:6.1.4]
	... 18 common frames omitted
Caused by: liquibase.exception.CommandExecutionException: liquibase.exception.ValidationFailedException: Validation Failed:
     1 changesets check sum
          db/changelog/changelog-master.yaml::14::cottonpads was: 9:fef7d39957f5c035310f14c80082d7b2 but is now: 9:e65decaa9415bb3ee2087e322148ee5b

	at liquibase.command.CommandScope.execute(CommandScope.java:253) ~[liquibase-core-4.26.0.jar:na]
	at liquibase.Liquibase.lambda$update$0(Liquibase.java:245) ~[liquibase-core-4.26.0.jar:na]
	at liquibase.Scope.lambda$child$0(Scope.java:186) ~[liquibase-core-4.26.0.jar:na]
	at liquibase.Scope.child(Scope.java:195) ~[liquibase-core-4.26.0.jar:na]
	at liquibase.Scope.child(Scope.java:185) ~[liquibase-core-4.26.0.jar:na]
	at liquibase.Scope.child(Scope.java:164) ~[liquibase-core-4.26.0.jar:na]
	at liquibase.Liquibase.runInScope(Liquibase.java:1419) ~[liquibase-core-4.26.0.jar:na]
	at liquibase.Liquibase.update(Liquibase.java:234) ~[liquibase-core-4.26.0.jar:na]
	at liquibase.Liquibase.update(Liquibase.java:212) ~[liquibase-core-4.26.0.jar:na]
	at liquibase.integration.spring.SpringLiquibase.performUpdate(SpringLiquibase.java:343) ~[liquibase-core-4.26.0.jar:na]
	at liquibase.integration.spring.SpringLiquibase.lambda$afterPropertiesSet$0(SpringLiquibase.java:294) ~[liquibase-core-4.26.0.jar:na]
	at liquibase.Scope.lambda$child$0(Scope.java:186) ~[liquibase-core-4.26.0.jar:na]
	at liquibase.Scope.child(Scope.java:195) ~[liquibase-core-4.26.0.jar:na]
	at liquibase.Scope.child(Scope.java:185) ~[liquibase-core-4.26.0.jar:na]
	at liquibase.Scope.child(Scope.java:164) ~[liquibase-core-4.26.0.jar:na]
	at liquibase.Scope.child(Scope.java:252) ~[liquibase-core-4.26.0.jar:na]
	at liquibase.integration.spring.SpringLiquibase.afterPropertiesSet(SpringLiquibase.java:287) ~[liquibase-core-4.26.0.jar:na]
	... 20 common frames omitted
Caused by: liquibase.exception.ValidationFailedException: Validation Failed:
     1 changesets check sum
          db/changelog/changelog-master.yaml::14::cottonpads was: 9:fef7d39957f5c035310f14c80082d7b2 but is now: 9:e65decaa9415bb3ee2087e322148ee5b

	at liquibase.changelog.DatabaseChangeLog.validate(DatabaseChangeLog.java:358) ~[liquibase-core-4.26.0.jar:na]
	at liquibase.command.core.helpers.DatabaseChangelogCommandStep.run(DatabaseChangelogCommandStep.java:92) ~[liquibase-core-4.26.0.jar:na]
	at liquibase.command.CommandScope.execute(CommandScope.java:217) ~[liquibase-core-4.26.0.jar:na]
	... 36 common frames omitted

2024-05-14T20:28:00.654+03:00  INFO 54596 --- [main] c.f.Flower_Shop.FlowerShopApplication    : Starting FlowerShopApplication using Java 17.0.9 with PID 54596 (/home/daniilmolchanov/Рабочий стол/Flower_Shop/build/classes/java/main started by daniilmolchanov in /home/daniilmolchanov/Рабочий стол/Flower_Shop)
2024-05-14T20:28:00.656+03:00  INFO 54596 --- [main] c.f.Flower_Shop.FlowerShopApplication    : No active profile set, falling back to 1 default profile: "default"
2024-05-14T20:28:01.096+03:00  INFO 54596 --- [main] .s.d.r.c.RepositoryConfigurationDelegate : Bootstrapping Spring Data JPA repositories in DEFAULT mode.
2024-05-14T20:28:01.135+03:00  INFO 54596 --- [main] .s.d.r.c.RepositoryConfigurationDelegate : Finished Spring Data repository scanning in 34 ms. Found 3 JPA repository interfaces.
2024-05-14T20:28:01.478+03:00  INFO 54596 --- [main] o.s.b.w.embedded.tomcat.TomcatWebServer  : Tomcat initialized with port 8080 (http)
2024-05-14T20:28:01.486+03:00  INFO 54596 --- [main] o.apache.catalina.core.StandardService   : Starting service [Tomcat]
2024-05-14T20:28:01.486+03:00  INFO 54596 --- [main] o.apache.catalina.core.StandardEngine    : Starting Servlet engine: [Apache Tomcat/10.1.19]
2024-05-14T20:28:01.527+03:00  INFO 54596 --- [main] o.a.c.c.C.[Tomcat].[localhost].[/]       : Initializing Spring embedded WebApplicationContext
2024-05-14T20:28:01.527+03:00  INFO 54596 --- [main] w.s.c.ServletWebServerApplicationContext : Root WebApplicationContext: initialization completed in 844 ms
2024-05-14T20:28:01.598+03:00  INFO 54596 --- [main] com.zaxxer.hikari.HikariDataSource       : HikariPool-1 - Starting...
2024-05-14T20:28:01.806+03:00  INFO 54596 --- [main] com.zaxxer.hikari.pool.HikariPool        : HikariPool-1 - Added connection org.postgresql.jdbc.PgConnection@310d57b1
2024-05-14T20:28:01.807+03:00  INFO 54596 --- [main] com.zaxxer.hikari.HikariDataSource       : HikariPool-1 - Start completed.
2024-05-14T20:28:01.878+03:00  INFO 54596 --- [main] liquibase.database                       : Set default schema name to public
2024-05-14T20:28:02.065+03:00  INFO 54596 --- [main] liquibase.changelog                      : Reading from public.databasechangelog
2024-05-14T20:28:02.120+03:00  INFO 54596 --- [main] liquibase.changelog                      : Change failed validation!
2024-05-14T20:28:02.122+03:00  INFO 54596 --- [main] liquibase.command                        : Logging exception.
2024-05-14T20:28:02.122+03:00  INFO 54596 --- [main] liquibase.ui                             : ERROR: Exception Details
2024-05-14T20:28:02.122+03:00  INFO 54596 --- [main] liquibase.ui                             : ERROR: Exception Primary Class:  ValidationFailedException
2024-05-14T20:28:02.122+03:00  INFO 54596 --- [main] liquibase.ui                             : ERROR: Exception Primary Reason: Validation Failed:
     1 changesets check sum
          db/changelog/changelog-master.yaml::14::cottonpads was: 9:fef7d39957f5c035310f14c80082d7b2 but is now: 9:e65decaa9415bb3ee2087e322148ee5b

2024-05-14T20:28:02.122+03:00  INFO 54596 --- [main] liquibase.ui                             : ERROR: Exception Primary Source: 4.26.0
2024-05-14T20:28:02.122+03:00  INFO 54596 --- [main] liquibase.command                        : Command execution complete
2024-05-14T20:28:02.123+03:00  WARN 54596 --- [main] ConfigServletWebServerApplicationContext : Exception encountered during context initialization - cancelling refresh attempt: org.springframework.beans.factory.BeanCreationException: Error creating bean with name 'liquibase' defined in class path resource [org/springframework/boot/autoconfigure/liquibase/LiquibaseAutoConfiguration$LiquibaseConfiguration.class]: liquibase.exception.CommandExecutionException: liquibase.exception.ValidationFailedException: Validation Failed:
     1 changesets check sum
          db/changelog/changelog-master.yaml::14::cottonpads was: 9:fef7d39957f5c035310f14c80082d7b2 but is now: 9:e65decaa9415bb3ee2087e322148ee5b

2024-05-14T20:28:02.123+03:00  INFO 54596 --- [main] com.zaxxer.hikari.HikariDataSource       : HikariPool-1 - Shutdown initiated...
2024-05-14T20:28:02.158+03:00  INFO 54596 --- [main] com.zaxxer.hikari.HikariDataSource       : HikariPool-1 - Shutdown completed.
2024-05-14T20:28:02.162+03:00  INFO 54596 --- [main] o.apache.catalina.core.StandardService   : Stopping service [Tomcat]
2024-05-14T20:28:02.174+03:00  INFO 54596 --- [main] .s.b.a.l.ConditionEvaluationReportLogger : 

Error starting ApplicationContext. To display the condition evaluation report re-run your application with 'debug' enabled.
2024-05-14T20:28:02.185+03:00 ERROR 54596 --- [main] o.s.boot.SpringApplication               : Application run failed

org.springframework.beans.factory.BeanCreationException: Error creating bean with name 'liquibase' defined in class path resource [org/springframework/boot/autoconfigure/liquibase/LiquibaseAutoConfiguration$LiquibaseConfiguration.class]: liquibase.exception.CommandExecutionException: liquibase.exception.ValidationFailedException: Validation Failed:
     1 changesets check sum
          db/changelog/changelog-master.yaml::14::cottonpads was: 9:fef7d39957f5c035310f14c80082d7b2 but is now: 9:e65decaa9415bb3ee2087e322148ee5b

	at org.springframework.beans.factory.support.AbstractAutowireCapableBeanFactory.initializeBean(AbstractAutowireCapableBeanFactory.java:1786) ~[spring-beans-6.1.4.jar:6.1.4]
	at org.springframework.beans.factory.support.AbstractAutowireCapableBeanFactory.doCreateBean(AbstractAutowireCapableBeanFactory.java:600) ~[spring-beans-6.1.4.jar:6.1.4]
	at org.springframework.beans.factory.support.AbstractAutowireCapableBeanFactory.createBean(AbstractAutowireCapableBeanFactory.java:522) ~[spring-beans-6.1.4.jar:6.1.4]
	at org.springframework.beans.factory.support.AbstractBeanFactory.lambda$doGetBean$0(AbstractBeanFactory.java:325) ~[spring-beans-6.1.4.jar:6.1.4]
	at org.springframework.beans.factory.support.DefaultSingletonBeanRegistry.getSingleton(DefaultSingletonBeanRegistry.java:234) ~[spring-beans-6.1.4.jar:6.1.4]
	at org.springframework.beans.factory.support.AbstractBeanFactory.doGetBean(AbstractBeanFactory.java:323) ~[spring-beans-6.1.4.jar:6.1.4]
	at org.springframework.beans.factory.support.AbstractBeanFactory.getBean(AbstractBeanFactory.java:199) ~[spring-beans-6.1.4.jar:6.1.4]
	at org.springframework.beans.factory.support.AbstractBeanFactory.doGetBean(AbstractBeanFactory.java:312) ~[spring-beans-6.1.4.jar:6.1.4]
	at org.springframework.beans.factory.support.AbstractBeanFactory.getBean(AbstractBeanFactory.java:199) ~[spring-beans-6.1.4.jar:6.1.4]
	at org.springframework.context.support.AbstractApplicationContext.getBean(AbstractApplicationContext.java:1234) ~[spring-context-6.1.5.jar:6.1.5]
	at org.springframework.context.support.AbstractApplicationContext.finishBeanFactoryInitialization(AbstractApplicationContext.java:952) ~[spring-context-6.1.5.jar:6.1.5]
	at org.springframework.context.support.AbstractApplicationContext.refresh(AbstractApplicationContext.java:624) ~[spring-context-6.1.5.jar:6.1.5]
	at org.springframework.boot.web.servlet.context.ServletWebServerApplicationContext.refresh(ServletWebServerApplicationContext.java:146) ~[spring-boot-3.2.3.jar:3.2.3]
	at org.springframework.boot.SpringApplication.refresh(SpringApplication.java:754) ~[spring-boot-3.2.3.jar:3.2.3]
	at org.springframework.boot.SpringApplication.refreshContext(SpringApplication.java:456) ~[spring-boot-3.2.3.jar:3.2.3]
	at org.springframework.boot.SpringApplication.run(SpringApplication.java:334) ~[spring-boot-3.2.3.jar:3.2.3]
	at org.springframework.boot.SpringApplication.run(SpringApplication.java:1354) ~[spring-boot-3.2.3.jar:3.2.3]
	at org.springframework.boot.SpringApplication.run(SpringApplication.java:1343) ~[spring-boot-3.2.3.jar:3.2.3]
	at com.flowerShop.Flower_Shop.FlowerShopApplication.main(FlowerShopApplication.java:13) ~[main/:na]
Caused by: liquibase.exception.UnexpectedLiquibaseException: liquibase.exception.CommandExecutionException: liquibase.exception.ValidationFailedException: Validation Failed:
     1 changesets check sum
          db/changelog/changelog-master.yaml::14::cottonpads was: 9:fef7d39957f5c035310f14c80082d7b2 but is now: 9:e65decaa9415bb3ee2087e322148ee5b

	at liquibase.integration.spring.SpringLiquibase.afterPropertiesSet(SpringLiquibase.java:304) ~[liquibase-core-4.26.0.jar:na]
	at org.springframework.beans.factory.support.AbstractAutowireCapableBeanFactory.invokeInitMethods(AbstractAutowireCapableBeanFactory.java:1833) ~[spring-beans-6.1.4.jar:6.1.4]
	at org.springframework.beans.factory.support.AbstractAutowireCapableBeanFactory.initializeBean(AbstractAutowireCapableBeanFactory.java:1782) ~[spring-beans-6.1.4.jar:6.1.4]
	... 18 common frames omitted
Caused by: liquibase.exception.CommandExecutionException: liquibase.exception.ValidationFailedException: Validation Failed:
     1 changesets check sum
          db/changelog/changelog-master.yaml::14::cottonpads was: 9:fef7d39957f5c035310f14c80082d7b2 but is now: 9:e65decaa9415bb3ee2087e322148ee5b

	at liquibase.command.CommandScope.execute(CommandScope.java:253) ~[liquibase-core-4.26.0.jar:na]
	at liquibase.Liquibase.lambda$update$0(Liquibase.java:245) ~[liquibase-core-4.26.0.jar:na]
	at liquibase.Scope.lambda$child$0(Scope.java:186) ~[liquibase-core-4.26.0.jar:na]
	at liquibase.Scope.child(Scope.java:195) ~[liquibase-core-4.26.0.jar:na]
	at liquibase.Scope.child(Scope.java:185) ~[liquibase-core-4.26.0.jar:na]
	at liquibase.Scope.child(Scope.java:164) ~[liquibase-core-4.26.0.jar:na]
	at liquibase.Liquibase.runInScope(Liquibase.java:1419) ~[liquibase-core-4.26.0.jar:na]
	at liquibase.Liquibase.update(Liquibase.java:234) ~[liquibase-core-4.26.0.jar:na]
	at liquibase.Liquibase.update(Liquibase.java:212) ~[liquibase-core-4.26.0.jar:na]
	at liquibase.integration.spring.SpringLiquibase.performUpdate(SpringLiquibase.java:343) ~[liquibase-core-4.26.0.jar:na]
	at liquibase.integration.spring.SpringLiquibase.lambda$afterPropertiesSet$0(SpringLiquibase.java:294) ~[liquibase-core-4.26.0.jar:na]
	at liquibase.Scope.lambda$child$0(Scope.java:186) ~[liquibase-core-4.26.0.jar:na]
	at liquibase.Scope.child(Scope.java:195) ~[liquibase-core-4.26.0.jar:na]
	at liquibase.Scope.child(Scope.java:185) ~[liquibase-core-4.26.0.jar:na]
	at liquibase.Scope.child(Scope.java:164) ~[liquibase-core-4.26.0.jar:na]
	at liquibase.Scope.child(Scope.java:252) ~[liquibase-core-4.26.0.jar:na]
	at liquibase.integration.spring.SpringLiquibase.afterPropertiesSet(SpringLiquibase.java:287) ~[liquibase-core-4.26.0.jar:na]
	... 20 common frames omitted
Caused by: liquibase.exception.ValidationFailedException: Validation Failed:
     1 changesets check sum
          db/changelog/changelog-master.yaml::14::cottonpads was: 9:fef7d39957f5c035310f14c80082d7b2 but is now: 9:e65decaa9415bb3ee2087e322148ee5b

	at liquibase.changelog.DatabaseChangeLog.validate(DatabaseChangeLog.java:358) ~[liquibase-core-4.26.0.jar:na]
	at liquibase.command.core.helpers.DatabaseChangelogCommandStep.run(DatabaseChangelogCommandStep.java:92) ~[liquibase-core-4.26.0.jar:na]
	at liquibase.command.CommandScope.execute(CommandScope.java:217) ~[liquibase-core-4.26.0.jar:na]
	... 36 common frames omitted

